2024-03-09 11:04:17 [INFO] Output: tensor([[1.0099e-02, 9.8990e-01],

2024-03-09 11:04:17 [INFO]         [1.9979e-02, 9.8002e-01],

2024-03-09 11:04:17 [INFO]         [4.7660e-03, 9.9523e-01],

2024-03-09 11:04:17 [INFO]         [6.6369e-03, 9.9336e-01],

2024-03-09 11:04:17 [INFO]         [2.4884e-04, 9.9975e-01],

2024-03-09 11:04:17 [INFO]         [5.1961e-03, 9.9480e-01],

2024-03-09 11:04:17 [INFO]         [8.1115e-03, 9.9189e-01],

2024-03-09 11:04:17 [INFO]         [6.5760e-03, 9.9342e-01],

2024-03-09 11:04:17 [INFO]         [9.7348e-03, 9.9027e-01],

2024-03-09 11:04:17 [INFO]         [7.6810e-03, 9.9232e-01],

2024-03-09 11:04:17 [INFO]         [1.2375e-03, 9.9876e-01],

2024-03-09 11:04:17 [INFO]         [2.4643e-02, 9.7536e-01],

2024-03-09 11:04:17 [INFO]         [1.7396e-03, 9.9826e-01],

2024-03-09 11:04:17 [INFO]         [5.2138e-03, 9.9479e-01],

2024-03-09 11:04:17 [INFO]         [2.5660e-02, 9.7434e-01],

2024-03-09 11:04:17 [INFO]         [1.0542e-03, 9.9895e-01],

2024-03-09 11:04:17 [INFO]         [1.2508e-02, 9.8749e-01],

2024-03-09 11:04:17 [INFO]         [8.1064e-03, 9.9189e-01],

2024-03-09 11:04:17 [INFO]         [3.0259e-03, 9.9697e-01],

2024-03-09 11:04:17 [INFO]         [8.1028e-03, 9.9190e-01],

2024-03-09 11:04:17 [INFO]         [1.4068e-03, 9.9859e-01],

2024-03-09 11:04:17 [INFO]         [1.3936e-03, 9.9861e-01],

2024-03-09 11:04:17 [INFO]         [1.2333e-02, 9.8767e-01],

2024-03-09 11:04:17 [INFO]         [4.7238e-03, 9.9528e-01],

2024-03-09 11:04:17 [INFO]         [7.0474e-03, 9.9295e-01],

2024-03-09 11:04:17 [INFO]         [1.9288e-02, 9.8071e-01],

2024-03-09 11:04:17 [INFO]         [1.5370e-03, 9.9846e-01],

2024-03-09 11:04:17 [INFO]         [1.2568e-02, 9.8743e-01],

2024-03-09 11:04:17 [INFO]         [2.9744e-03, 9.9703e-01],

2024-03-09 11:04:17 [INFO]         [4.6695e-03, 9.9533e-01],

2024-03-09 11:04:17 [INFO]         [1.0584e-02, 9.8942e-01],

2024-03-09 11:04:17 [INFO]         [3.0603e-03, 9.9694e-01],

2024-03-09 11:04:17 [INFO]         [4.9910e-03, 9.9501e-01],

2024-03-09 11:04:17 [INFO]         [1.2759e-02, 9.8724e-01],

2024-03-09 11:04:17 [INFO]         [2.4478e-02, 9.7552e-01],

2024-03-09 11:04:17 [INFO]         [1.0635e-02, 9.8936e-01],

2024-03-09 11:04:17 [INFO]         [6.6835e-03, 9.9332e-01],

2024-03-09 11:04:17 [INFO]         [1.2421e-02, 9.8758e-01],

2024-03-09 11:04:17 [INFO]         [9.6579e-03, 9.9034e-01],

2024-03-09 11:04:17 [INFO]         [5.0196e-03, 9.9498e-01],

2024-03-09 11:04:17 [INFO]         [1.2717e-02, 9.8728e-01],

2024-03-09 11:04:17 [INFO]         [7.3132e-04, 9.9927e-01],

2024-03-09 11:04:17 [INFO]         [2.4728e-02, 9.7527e-01],

2024-03-09 11:04:17 [INFO]         [2.1341e-03, 9.9787e-01],

2024-03-09 11:04:17 [INFO]         [1.3918e-03, 9.9861e-01],

2024-03-09 11:04:17 [INFO]         [3.2399e-02, 9.6760e-01],

2024-03-09 11:04:17 [INFO]         [1.0274e-02, 9.8973e-01],

2024-03-09 11:04:17 [INFO]         [2.9813e-02, 9.7019e-01],

2024-03-09 11:04:17 [INFO]         [5.4944e-03, 9.9451e-01],

2024-03-09 11:04:17 [INFO]         [4.7596e-03, 9.9524e-01],

2024-03-09 11:04:17 [INFO]         [4.4599e-03, 9.9554e-01],

2024-03-09 11:04:17 [INFO]         [1.0121e-02, 9.8988e-01],

2024-03-09 11:04:17 [INFO]         [4.5591e-03, 9.9544e-01],

2024-03-09 11:04:17 [INFO]         [1.2998e-03, 9.9870e-01],

2024-03-09 11:04:17 [INFO]         [1.2466e-02, 9.8753e-01],

2024-03-09 11:04:17 [INFO]         [1.9920e-02, 9.8008e-01],

2024-03-09 11:04:17 [INFO]         [1.0064e-03, 9.9899e-01],

2024-03-09 11:04:17 [INFO]         [1.0403e-03, 9.9896e-01],

2024-03-09 11:04:17 [INFO]         [1.1890e-03, 9.9881e-01],

2024-03-09 11:04:17 [INFO]         [7.6717e-03, 9.9233e-01],

2024-03-09 11:04:17 [INFO]         [9.4146e-03, 9.9059e-01],

2024-03-09 11:04:17 [INFO]         [2.4862e-02, 9.7514e-01],

2024-03-09 11:04:17 [INFO]         [1.1543e-03, 9.9885e-01],

2024-03-09 11:04:17 [INFO]         [6.5995e-03, 9.9340e-01],

2024-03-09 11:04:17 [INFO]         [1.1239e-02, 9.8876e-01],

2024-03-09 11:04:17 [INFO]         [2.8536e-03, 9.9715e-01],

2024-03-09 11:04:17 [INFO]         [4.6283e-03, 9.9537e-01],

2024-03-09 11:04:17 [INFO]         [2.9774e-03, 9.9702e-01],

2024-03-09 11:04:17 [INFO]         [1.3809e-03, 9.9862e-01],

2024-03-09 11:04:17 [INFO]         [1.2641e-02, 9.8736e-01],

2024-03-09 11:04:17 [INFO]         [3.2388e-02, 9.6761e-01],

2024-03-09 11:04:17 [INFO]         [4.1833e-03, 9.9582e-01],

2024-03-09 11:04:17 [INFO]         [7.9699e-03, 9.9203e-01],

2024-03-09 11:04:17 [INFO]         [2.4487e-02, 9.7551e-01],

2024-03-09 11:04:17 [INFO]         [3.7231e-06, 1.0000e+00],

2024-03-09 11:04:17 [INFO]         [5.4451e-04, 9.9946e-01],

2024-03-09 11:04:17 [INFO]         [1.5518e-03, 9.9845e-01],

2024-03-09 11:04:17 [INFO]         [8.3198e-04, 9.9917e-01],

2024-03-09 11:04:17 [INFO]         [4.6676e-03, 9.9533e-01],

2024-03-09 11:04:17 [INFO]         [1.0394e-02, 9.8961e-01],

2024-03-09 11:04:17 [INFO]         [1.2621e-02, 9.8738e-01],

2024-03-09 11:04:17 [INFO]         [3.3671e-03, 9.9663e-01],

2024-03-09 11:04:17 [INFO]         [7.2185e-03, 9.9278e-01],

2024-03-09 11:04:17 [INFO]         [8.0041e-03, 9.9200e-01],

2024-03-09 11:04:17 [INFO]         [1.5562e-03, 9.9844e-01],

2024-03-09 11:04:17 [INFO]         [1.5361e-03, 9.9846e-01],

2024-03-09 11:04:17 [INFO]         [2.2401e-03, 9.9776e-01],

2024-03-09 11:04:17 [INFO]         [1.2421e-02, 9.8758e-01],

2024-03-09 11:04:17 [INFO]         [6.6661e-03, 9.9333e-01],

2024-03-09 11:04:17 [INFO]         [1.2664e-02, 9.8734e-01],

2024-03-09 11:04:17 [INFO]         [1.3097e-03, 9.9869e-01],

2024-03-09 11:04:17 [INFO]         [2.4569e-02, 9.7543e-01],

2024-03-09 11:04:17 [INFO]         [1.6013e-02, 9.8399e-01],

2024-03-09 11:04:17 [INFO]         [1.0540e-02, 9.8946e-01],

2024-03-09 11:04:17 [INFO]         [4.2363e-03, 9.9576e-01],

2024-03-09 11:04:17 [INFO]         [1.2930e-02, 9.8707e-01],

2024-03-09 11:04:17 [INFO]         [1.0281e-02, 9.8972e-01],

2024-03-09 11:04:17 [INFO]         [2.0033e-02, 9.7997e-01],

2024-03-09 11:04:17 [INFO]         [1.3862e-03, 9.9861e-01],

2024-03-09 11:04:17 [INFO]         [2.4848e-02, 9.7515e-01]])

2024-03-09 11:04:17 [INFO] Predicted: tensor([1, 1, 1, 1, 1, 1, 1, 1, 1, 1, 1, 1, 1, 1, 1, 1, 1, 1, 1, 1, 1, 1, 1, 1,

2024-03-09 11:04:17 [INFO]         1, 1, 1, 1, 1, 1, 1, 1, 1, 1, 1, 1, 1, 1, 1, 1, 1, 1, 1, 1, 1, 1, 1, 1,

2024-03-09 11:04:17 [INFO]         1, 1, 1, 1, 1, 1, 1, 1, 1, 1, 1, 1, 1, 1, 1, 1, 1, 1, 1, 1, 1, 1, 1, 1,

2024-03-09 11:04:17 [INFO]         1, 1, 1, 1, 1, 1, 1, 1, 1, 1, 1, 1, 1, 1, 1, 1, 1, 1, 1, 1, 1, 1, 1, 1,

2024-03-09 11:04:17 [INFO]         1, 1, 1, 1])

2024-03-09 11:04:17 [INFO] Ground Truth: tensor([1, 1, 1, 1, 1, 1, 1, 1, 1, 1, 1, 1, 1, 1, 1, 1, 1, 1, 1, 1, 1, 1, 1, 1,

2024-03-09 11:04:17 [INFO]         1, 1, 1, 1, 1, 1, 1, 1, 1, 1, 1, 1, 1, 1, 1, 1, 1, 1, 1, 1, 1, 1, 1, 1,

2024-03-09 11:04:17 [INFO]         1, 1, 1, 1, 1, 1, 1, 1, 1, 1, 1, 1, 1, 1, 1, 1, 1, 1, 1, 1, 1, 1, 1, 1,

2024-03-09 11:04:17 [INFO]         1, 1, 1, 1, 1, 1, 1, 1, 1, 1, 1, 1, 1, 1, 1, 1, 1, 1, 1, 1, 1, 1, 1, 1,

2024-03-09 11:04:17 [INFO]         1, 1, 1, 1])

2024-03-09 11:04:17 [INFO] Batch: 2/2

2024-03-09 11:04:17 [INFO] Batch X: tensor([[256.,   0.,   0.,  ...,   1.,   0.,   1.],

2024-03-09 11:04:17 [INFO]         [256.,   0.,   0.,  ...,   0.,   0.,   0.],

2024-03-09 11:04:17 [INFO]         [256.,   0.,   0.,  ...,   6.,   1.,   7.],

2024-03-09 11:04:17 [INFO]         ...,

2024-03-09 11:04:17 [INFO]         [256.,   1.,   0.,  ...,   4.,   6.,  10.],

2024-03-09 11:04:17 [INFO]         [256.,   0.,   0.,  ...,  15.,  40.,  55.],

2024-03-09 11:04:17 [INFO]         [256.,   0.,   0.,  ...,   1.,   0.,   1.]])

2024-03-09 11:04:17 [INFO] Output: tensor([[1.3994e-03, 9.9860e-01],

2024-03-09 11:04:17 [INFO]         [3.0347e-03, 9.9697e-01],

2024-03-09 11:04:17 [INFO]         [2.1973e-02, 9.7803e-01],

2024-03-09 11:04:17 [INFO]         [2.8517e-03, 9.9715e-01],

2024-03-09 11:04:17 [INFO]         [1.1838e-03, 9.9882e-01],

2024-03-09 11:04:17 [INFO]         [2.8054e-03, 9.9719e-01],

2024-03-09 11:04:17 [INFO]         [4.5416e-03, 9.9546e-01],

2024-03-09 11:04:17 [INFO]         [1.3791e-03, 9.9862e-01],

2024-03-09 11:04:17 [INFO]         [1.0742e-02, 9.8926e-01],

2024-03-09 11:04:17 [INFO]         [1.0122e-03, 9.9899e-01],

2024-03-09 11:04:17 [INFO]         [1.3118e-03, 9.9869e-01],

2024-03-09 11:04:17 [INFO]         [3.0390e-03, 9.9696e-01],

2024-03-09 11:04:17 [INFO]         [2.5026e-02, 9.7497e-01],

2024-03-09 11:04:17 [INFO]         [1.3327e-03, 9.9867e-01],

2024-03-09 11:04:17 [INFO]         [4.6490e-03, 9.9535e-01],

2024-03-09 11:04:17 [INFO]         [1.1195e-02, 9.8880e-01],

2024-03-09 11:04:17 [INFO]         [5.0038e-03, 9.9500e-01],

2024-03-09 11:04:17 [INFO]         [4.7110e-03, 9.9529e-01],

2024-03-09 11:04:17 [INFO]         [4.7852e-03, 9.9521e-01],

2024-03-09 11:04:17 [INFO]         [7.2789e-03, 9.9272e-01],

2024-03-09 11:04:17 [INFO]         [4.3598e-03, 9.9564e-01],

2024-03-09 11:04:17 [INFO]         [1.2654e-02, 9.8735e-01],

2024-03-09 11:04:17 [INFO]         [2.5014e-02, 9.7499e-01],

2024-03-09 11:04:17 [INFO]         [7.1212e-03, 9.9288e-01],

2024-03-09 11:04:17 [INFO]         [4.6244e-03, 9.9538e-01],

2024-03-09 11:04:17 [INFO]         [1.2505e-02, 9.8749e-01],

2024-03-09 11:04:17 [INFO]         [2.1721e-03, 9.9783e-01],

2024-03-09 11:04:17 [INFO]         [2.0250e-03, 9.9797e-01],

2024-03-09 11:04:17 [INFO]         [1.0505e-03, 9.9895e-01],

2024-03-09 11:04:17 [INFO]         [4.8025e-03, 9.9520e-01],

2024-03-09 11:04:17 [INFO]         [8.0234e-05, 9.9992e-01],

2024-03-09 11:04:17 [INFO]         [4.1630e-03, 9.9584e-01],

2024-03-09 11:04:17 [INFO]         [3.8416e-02, 9.6158e-01],

2024-03-09 11:04:17 [INFO]         [2.4775e-02, 9.7523e-01],

2024-03-09 11:04:17 [INFO]         [7.0359e-03, 9.9296e-01],

2024-03-09 11:04:17 [INFO]         [8.0845e-03, 9.9192e-01],

2024-03-09 11:04:17 [INFO]         [2.0022e-03, 9.9800e-01],

2024-03-09 11:04:17 [INFO]         [1.2609e-02, 9.8739e-01],

2024-03-09 11:04:17 [INFO]         [6.7656e-04, 9.9932e-01],

2024-03-09 11:04:17 [INFO]         [8.1662e-05, 9.9992e-01],

2024-03-09 11:04:17 [INFO]         [8.4076e-03, 9.9159e-01],

2024-03-09 11:04:17 [INFO]         [1.4464e-03, 9.9855e-01],

2024-03-09 11:04:17 [INFO]         [5.4817e-03, 9.9452e-01],

2024-03-09 11:04:17 [INFO]         [1.1307e-04, 9.9989e-01],

2024-03-09 11:04:17 [INFO]         [1.2714e-02, 9.8729e-01],

2024-03-09 11:04:17 [INFO]         [4.8288e-03, 9.9517e-01],

2024-03-09 11:04:17 [INFO]         [7.7512e-04, 9.9922e-01],

2024-03-09 11:04:17 [INFO]         [1.3631e-03, 9.9864e-01],

2024-03-09 11:04:17 [INFO]         [9.9193e-04, 9.9901e-01],

2024-03-09 11:04:17 [INFO]         [4.8004e-03, 9.9520e-01],

2024-03-09 11:04:17 [INFO]         [5.2511e-03, 9.9475e-01],

2024-03-09 11:04:17 [INFO]         [2.5730e-03, 9.9743e-01],

2024-03-09 11:04:17 [INFO]         [1.2419e-02, 9.8758e-01],

2024-03-09 11:04:17 [INFO]         [2.9462e-03, 9.9705e-01],

2024-03-09 11:04:17 [INFO]         [4.8207e-03, 9.9518e-01],

2024-03-09 11:04:17 [INFO]         [6.5305e-03, 9.9347e-01],

2024-03-09 11:04:17 [INFO]         [7.1076e-03, 9.9289e-01],

2024-03-09 11:04:17 [INFO]         [4.7526e-03, 9.9525e-01],

2024-03-09 11:04:17 [INFO]         [2.6608e-02, 9.7339e-01],

2024-03-09 11:04:17 [INFO]         [1.4198e-03, 9.9858e-01],

2024-03-09 11:04:17 [INFO]         [1.4034e-03, 9.9860e-01],

2024-03-09 11:04:17 [INFO]         [7.1494e-03, 9.9285e-01],

2024-03-09 11:04:17 [INFO]         [2.2946e-02, 9.7705e-01],

2024-03-09 11:04:17 [INFO]         [2.9583e-03, 9.9704e-01],

2024-03-09 11:04:17 [INFO]         [1.0480e-02, 9.8952e-01],

2024-03-09 11:04:17 [INFO]         [1.2541e-02, 9.8746e-01],

2024-03-09 11:04:17 [INFO]         [1.0980e-02, 9.8902e-01],

2024-03-09 11:04:17 [INFO]         [5.4494e-03, 9.9455e-01],

2024-03-09 11:04:17 [INFO]         [1.2663e-02, 9.8734e-01],

2024-03-09 11:04:17 [INFO]         [6.6406e-04, 9.9934e-01],

2024-03-09 11:04:17 [INFO]         [4.1307e-03, 9.9587e-01],

2024-03-09 11:04:17 [INFO]         [1.1876e-03, 9.9881e-01],

2024-03-09 11:04:17 [INFO]         [1.2686e-02, 9.8731e-01],

2024-03-09 11:04:17 [INFO]         [8.0656e-03, 9.9193e-01],

2024-03-09 11:04:17 [INFO]         [1.1205e-02, 9.8879e-01],

2024-03-09 11:04:17 [INFO]         [4.5562e-03, 9.9544e-01],

2024-03-09 11:04:17 [INFO]         [1.0306e-02, 9.8969e-01],

2024-03-09 11:04:17 [INFO]         [4.6991e-03, 9.9530e-01],

2024-03-09 11:04:17 [INFO]         [4.6990e-03, 9.9530e-01],

2024-03-09 11:04:17 [INFO]         [2.9915e-04, 9.9970e-01],

2024-03-09 11:04:17 [INFO]         [4.1783e-03, 9.9582e-01],

2024-03-09 11:04:17 [INFO]         [1.2896e-03, 9.9871e-01],

2024-03-09 11:04:17 [INFO]         [1.4858e-03, 9.9851e-01],

2024-03-09 11:04:17 [INFO]         [1.0181e-03, 9.9898e-01],

2024-03-09 11:04:17 [INFO]         [6.5329e-03, 9.9347e-01],

2024-03-09 11:04:17 [INFO]         [2.7242e-02, 9.7276e-01],

2024-03-09 11:04:17 [INFO]         [4.6764e-03, 9.9532e-01],

2024-03-09 11:04:17 [INFO]         [1.0438e-03, 9.9896e-01],

2024-03-09 11:04:17 [INFO]         [3.5317e-03, 9.9647e-01],

2024-03-09 11:04:17 [INFO]         [1.0894e-03, 9.9891e-01],

2024-03-09 11:04:17 [INFO]         [2.4435e-02, 9.7556e-01],

2024-03-09 11:04:17 [INFO]         [2.4685e-02, 9.7531e-01],

2024-03-09 11:04:17 [INFO]         [7.9515e-03, 9.9205e-01],

2024-03-09 11:04:17 [INFO]         [2.9844e-03, 9.9702e-01]])

2024-03-09 11:04:17 [INFO] Predicted: tensor([1, 1, 1, 1, 1, 1, 1, 1, 1, 1, 1, 1, 1, 1, 1, 1, 1, 1, 1, 1, 1, 1, 1, 1,

2024-03-09 11:04:17 [INFO]         1, 1, 1, 1, 1, 1, 1, 1, 1, 1, 1, 1, 1, 1, 1, 1, 1, 1, 1, 1, 1, 1, 1, 1,

2024-03-09 11:04:17 [INFO]         1, 1, 1, 1, 1, 1, 1, 1, 1, 1, 1, 1, 1, 1, 1, 1, 1, 1, 1, 1, 1, 1, 1, 1,

2024-03-09 11:04:17 [INFO]         1, 1, 1, 1, 1, 1, 1, 1, 1, 1, 1, 1, 1, 1, 1, 1, 1, 1, 1, 1, 1, 1])